Jun 14, 2014 5:54:44 PM org.apache.solr.servlet.SolrDispatchFilter init
INFO: SolrDispatchFilter.init()
Jun 14, 2014 5:54:44 PM org.apache.solr.core.SolrResourceLoader locateSolrHome
INFO: JNDI not configured for solr (NoInitialContextEx)
Jun 14, 2014 5:54:44 PM org.apache.solr.core.SolrResourceLoader locateSolrHome
INFO: using system property solr.solr.home: /Users/az/Desktop/fishsquare/solr
Jun 14, 2014 5:54:44 PM org.apache.solr.core.CoreContainer$Initializer initialize
INFO: looking for solr.xml: /Users/az/Desktop/fishsquare/solr/solr.xml
Jun 14, 2014 5:54:44 PM org.apache.solr.core.CoreContainer <init>
INFO: New CoreContainer 1109622806
Jun 14, 2014 5:54:44 PM org.apache.solr.core.CoreContainer load
INFO: Loading CoreContainer using Solr Home: '/Users/az/Desktop/fishsquare/solr/'
Jun 14, 2014 5:54:44 PM org.apache.solr.core.SolrResourceLoader <init>
INFO: new SolrResourceLoader for directory: '/Users/az/Desktop/fishsquare/solr/'
Jun 14, 2014 5:54:44 PM org.apache.solr.handler.component.HttpShardHandlerFactory getParameter
INFO: Setting socketTimeout to: 0
Jun 14, 2014 5:54:44 PM org.apache.solr.handler.component.HttpShardHandlerFactory getParameter
INFO: Setting urlScheme to: http://
Jun 14, 2014 5:54:44 PM org.apache.solr.handler.component.HttpShardHandlerFactory getParameter
INFO: Setting connTimeout to: 0
Jun 14, 2014 5:54:44 PM org.apache.solr.handler.component.HttpShardHandlerFactory getParameter
INFO: Setting maxConnectionsPerHost to: 20
Jun 14, 2014 5:54:44 PM org.apache.solr.handler.component.HttpShardHandlerFactory getParameter
INFO: Setting corePoolSize to: 0
Jun 14, 2014 5:54:44 PM org.apache.solr.handler.component.HttpShardHandlerFactory getParameter
INFO: Setting maximumPoolSize to: 2147483647
Jun 14, 2014 5:54:44 PM org.apache.solr.handler.component.HttpShardHandlerFactory getParameter
INFO: Setting maxThreadIdleTime to: 5
Jun 14, 2014 5:54:44 PM org.apache.solr.handler.component.HttpShardHandlerFactory getParameter
INFO: Setting sizeOfQueue to: -1
Jun 14, 2014 5:54:44 PM org.apache.solr.handler.component.HttpShardHandlerFactory getParameter
INFO: Setting fairnessPolicy to: false
Jun 14, 2014 5:54:44 PM org.apache.solr.client.solrj.impl.HttpClientUtil createClient
INFO: Creating new http client, config:maxConnectionsPerHost=20&maxConnections=10000&socketTimeout=0&connTimeout=0&retry=false
Jun 14, 2014 5:54:44 PM org.apache.solr.core.CoreContainer load
INFO: Registering Log Listener
Jun 14, 2014 5:54:44 PM org.apache.solr.core.CoreContainer create
INFO: Creating SolrCore 'default' using instanceDir: /Users/az/Desktop/fishsquare/solr/.
Jun 14, 2014 5:54:44 PM org.apache.solr.core.SolrResourceLoader <init>
INFO: new SolrResourceLoader for directory: '/Users/az/Desktop/fishsquare/solr/./'
Jun 14, 2014 5:54:44 PM org.apache.solr.core.CoreContainer create
INFO: Creating SolrCore 'development' using instanceDir: /Users/az/Desktop/fishsquare/solr/.
Jun 14, 2014 5:54:44 PM org.apache.solr.core.SolrResourceLoader <init>
INFO: new SolrResourceLoader for directory: '/Users/az/Desktop/fishsquare/solr/./'
Jun 14, 2014 5:54:44 PM org.apache.solr.core.CoreContainer create
INFO: Creating SolrCore 'test' using instanceDir: /Users/az/Desktop/fishsquare/solr/.
Jun 14, 2014 5:54:44 PM org.apache.solr.core.SolrResourceLoader <init>
INFO: new SolrResourceLoader for directory: '/Users/az/Desktop/fishsquare/solr/./'
Jun 14, 2014 5:54:45 PM org.apache.solr.core.SolrConfig <init>
INFO: Using Lucene MatchVersion: LUCENE_41
Jun 14, 2014 5:54:45 PM org.apache.solr.core.SolrConfig <init>
INFO: Using Lucene MatchVersion: LUCENE_41
Jun 14, 2014 5:54:45 PM org.apache.solr.core.SolrConfig <init>
INFO: Using Lucene MatchVersion: LUCENE_41
Jun 14, 2014 5:54:45 PM org.apache.solr.core.SolrConfig <init>
INFO: Loaded SolrConfig: solrconfig.xml
Jun 14, 2014 5:54:45 PM org.apache.solr.core.SolrConfig <init>
INFO: Loaded SolrConfig: solrconfig.xml
Jun 14, 2014 5:54:45 PM org.apache.solr.schema.IndexSchema readSchema
INFO: Reading Solr Schema
Jun 14, 2014 5:54:45 PM org.apache.solr.schema.IndexSchema readSchema
INFO: Reading Solr Schema
Jun 14, 2014 5:54:45 PM org.apache.solr.core.SolrConfig <init>
INFO: Loaded SolrConfig: solrconfig.xml
Jun 14, 2014 5:54:45 PM org.apache.solr.schema.IndexSchema readSchema
INFO: Reading Solr Schema
Jun 14, 2014 5:54:45 PM org.apache.solr.schema.IndexSchema readSchema
INFO: Schema name=sunspot
Jun 14, 2014 5:54:45 PM org.apache.solr.schema.IndexSchema readSchema
INFO: Schema name=sunspot
Jun 14, 2014 5:54:45 PM org.apache.solr.schema.IndexSchema readSchema
INFO: Schema name=sunspot
Jun 14, 2014 5:54:45 PM org.apache.solr.schema.IndexSchema readSchema
INFO: default search field in schema is text
Jun 14, 2014 5:54:45 PM org.apache.solr.schema.IndexSchema readSchema
INFO: default search field in schema is text
Jun 14, 2014 5:54:45 PM org.apache.solr.schema.IndexSchema readSchema
INFO: query parser default operator is AND
Jun 14, 2014 5:54:45 PM org.apache.solr.schema.IndexSchema readSchema
INFO: query parser default operator is AND
Jun 14, 2014 5:54:45 PM org.apache.solr.schema.IndexSchema readSchema
INFO: unique key field: id
Jun 14, 2014 5:54:45 PM org.apache.solr.schema.IndexSchema readSchema
INFO: unique key field: id
Jun 14, 2014 5:54:45 PM org.apache.solr.schema.IndexSchema readSchema
INFO: default search field in schema is text
Jun 14, 2014 5:54:45 PM org.apache.solr.schema.IndexSchema readSchema
INFO: query parser default operator is AND
Jun 14, 2014 5:54:45 PM org.apache.solr.schema.IndexSchema readSchema
INFO: unique key field: id
Jun 14, 2014 5:54:45 PM org.apache.solr.core.SolrCore <init>
INFO: [default] Opening new SolrCore at /Users/az/Desktop/fishsquare/solr/./, dataDir=/Users/az/Desktop/fishsquare/solr/./default/data/
Jun 14, 2014 5:54:45 PM org.apache.solr.core.SolrCore <init>
INFO: [test] Opening new SolrCore at /Users/az/Desktop/fishsquare/solr/./, dataDir=/Users/az/Desktop/fishsquare/solr/./test/data/
Jun 14, 2014 5:54:45 PM org.apache.solr.core.SolrCore <init>
INFO: [development] Opening new SolrCore at /Users/az/Desktop/fishsquare/solr/./, dataDir=/Users/az/Desktop/fishsquare/solr/./development/data/
Jun 14, 2014 5:54:45 PM org.apache.solr.core.SolrCore <init>
INFO: JMX monitoring not detected for core: test
Jun 14, 2014 5:54:45 PM org.apache.solr.core.SolrCore <init>
INFO: JMX monitoring not detected for core: default
Jun 14, 2014 5:54:45 PM org.apache.solr.core.SolrCore <init>
INFO: JMX monitoring not detected for core: development
Jun 14, 2014 5:54:45 PM org.apache.solr.core.SolrCore initDirectoryFactory
INFO: solr.NRTCachingDirectoryFactory
Jun 14, 2014 5:54:45 PM org.apache.solr.core.SolrCore initDirectoryFactory
INFO: solr.NRTCachingDirectoryFactory
Jun 14, 2014 5:54:45 PM org.apache.solr.core.SolrCore initDirectoryFactory
INFO: solr.NRTCachingDirectoryFactory
Jun 14, 2014 5:54:45 PM org.apache.solr.core.CachingDirectoryFactory get
INFO: return new directory for /Users/az/Desktop/fishsquare/solr/./development/data forceNew: false
Jun 14, 2014 5:54:45 PM org.apache.solr.core.CachingDirectoryFactory get
INFO: return new directory for /Users/az/Desktop/fishsquare/solr/./default/data forceNew: false
Jun 14, 2014 5:54:45 PM org.apache.solr.core.CachingDirectoryFactory get
INFO: return new directory for /Users/az/Desktop/fishsquare/solr/./test/data forceNew: false
Jun 14, 2014 5:54:45 PM org.apache.solr.core.SolrCore getNewIndexDir
INFO: New index directory detected: old=null new=/Users/az/Desktop/fishsquare/solr/./default/data/index/
Jun 14, 2014 5:54:45 PM org.apache.solr.core.SolrCore getNewIndexDir
INFO: New index directory detected: old=null new=/Users/az/Desktop/fishsquare/solr/./development/data/index/
Jun 14, 2014 5:54:45 PM org.apache.solr.core.SolrCore getNewIndexDir
INFO: New index directory detected: old=null new=/Users/az/Desktop/fishsquare/solr/./test/data/index/
Jun 14, 2014 5:54:45 PM org.apache.solr.core.SolrCore initIndex
WARNING: [default] Solr index directory '/Users/az/Desktop/fishsquare/solr/./default/data/index' doesn't exist. Creating new index...
Jun 14, 2014 5:54:45 PM org.apache.solr.core.SolrCore initIndex
WARNING: [test] Solr index directory '/Users/az/Desktop/fishsquare/solr/./test/data/index' doesn't exist. Creating new index...
Jun 14, 2014 5:54:45 PM org.apache.solr.core.SolrCore initIndex
WARNING: [development] Solr index directory '/Users/az/Desktop/fishsquare/solr/./development/data/index' doesn't exist. Creating new index...
Jun 14, 2014 5:54:45 PM org.apache.solr.core.CachingDirectoryFactory get
INFO: return new directory for /Users/az/Desktop/fishsquare/solr/./default/data/index forceNew: false
Jun 14, 2014 5:54:45 PM org.apache.solr.core.CachingDirectoryFactory get
INFO: return new directory for /Users/az/Desktop/fishsquare/solr/./test/data/index forceNew: false
Jun 14, 2014 5:54:45 PM org.apache.solr.core.CachingDirectoryFactory get
INFO: return new directory for /Users/az/Desktop/fishsquare/solr/./development/data/index forceNew: false
Jun 14, 2014 5:54:45 PM org.apache.solr.core.SolrDeletionPolicy onCommit
INFO: SolrDeletionPolicy.onCommit: commits:num=1
	commit{dir=NRTCachingDirectory(org.apache.lucene.store.NIOFSDirectory@/Users/az/Desktop/fishsquare/solr/default/data/index lockFactory=org.apache.lucene.store.NativeFSLockFactory@6e2c03ff; maxCacheMB=48.0 maxMergeSizeMB=4.0),segFN=segments_1,generation=1,filenames=[segments_1]
Jun 14, 2014 5:54:45 PM org.apache.solr.core.SolrDeletionPolicy onCommit
INFO: SolrDeletionPolicy.onCommit: commits:num=1
	commit{dir=NRTCachingDirectory(org.apache.lucene.store.NIOFSDirectory@/Users/az/Desktop/fishsquare/solr/test/data/index lockFactory=org.apache.lucene.store.NativeFSLockFactory@5ff6de1; maxCacheMB=48.0 maxMergeSizeMB=4.0),segFN=segments_1,generation=1,filenames=[segments_1]
Jun 14, 2014 5:54:45 PM org.apache.solr.core.SolrDeletionPolicy onCommit
INFO: SolrDeletionPolicy.onCommit: commits:num=1
	commit{dir=NRTCachingDirectory(org.apache.lucene.store.NIOFSDirectory@/Users/az/Desktop/fishsquare/solr/development/data/index lockFactory=org.apache.lucene.store.NativeFSLockFactory@bba92db; maxCacheMB=48.0 maxMergeSizeMB=4.0),segFN=segments_1,generation=1,filenames=[segments_1]
Jun 14, 2014 5:54:45 PM org.apache.solr.core.SolrDeletionPolicy updateCommits
INFO: newest commit = 1[segments_1]
Jun 14, 2014 5:54:45 PM org.apache.solr.core.SolrDeletionPolicy updateCommits
INFO: newest commit = 1[segments_1]
Jun 14, 2014 5:54:45 PM org.apache.solr.core.SolrDeletionPolicy updateCommits
INFO: newest commit = 1[segments_1]
Jun 14, 2014 5:54:45 PM org.apache.solr.core.RequestHandlers initHandlersFromConfig
INFO: created /select: solr.SearchHandler
Jun 14, 2014 5:54:45 PM org.apache.solr.core.RequestHandlers initHandlersFromConfig
INFO: created /select: solr.SearchHandler
Jun 14, 2014 5:54:45 PM org.apache.solr.core.RequestHandlers initHandlersFromConfig
INFO: created /query: solr.SearchHandler
Jun 14, 2014 5:54:45 PM org.apache.solr.core.RequestHandlers initHandlersFromConfig
INFO: created /query: solr.SearchHandler
Jun 14, 2014 5:54:45 PM org.apache.solr.core.RequestHandlers initHandlersFromConfig
INFO: created /select: solr.SearchHandler
Jun 14, 2014 5:54:45 PM org.apache.solr.core.RequestHandlers initHandlersFromConfig
INFO: created /query: solr.SearchHandler
Jun 14, 2014 5:54:45 PM org.apache.solr.core.RequestHandlers initHandlersFromConfig
INFO: created /get: solr.RealTimeGetHandler
Jun 14, 2014 5:54:45 PM org.apache.solr.core.RequestHandlers initHandlersFromConfig
INFO: created /get: solr.RealTimeGetHandler
Jun 14, 2014 5:54:45 PM org.apache.solr.core.RequestHandlers initHandlersFromConfig
INFO: created /get: solr.RealTimeGetHandler
Jun 14, 2014 5:54:45 PM org.apache.solr.core.RequestHandlers initHandlersFromConfig
INFO: created /update: solr.UpdateRequestHandler
Jun 14, 2014 5:54:45 PM org.apache.solr.core.RequestHandlers initHandlersFromConfig
INFO: created /update: solr.UpdateRequestHandler
Jun 14, 2014 5:54:45 PM org.apache.solr.core.RequestHandlers initHandlersFromConfig
INFO: created /update: solr.UpdateRequestHandler
Jun 14, 2014 5:54:45 PM org.apache.solr.core.RequestHandlers initHandlersFromConfig
INFO: created /update/json: solr.JsonUpdateRequestHandler
Jun 14, 2014 5:54:45 PM org.apache.solr.core.RequestHandlers initHandlersFromConfig
INFO: created /update/json: solr.JsonUpdateRequestHandler
Jun 14, 2014 5:54:45 PM org.apache.solr.core.RequestHandlers initHandlersFromConfig
INFO: created /update/json: solr.JsonUpdateRequestHandler
Jun 14, 2014 5:54:45 PM org.apache.solr.core.RequestHandlers initHandlersFromConfig
INFO: created /update/csv: solr.CSVRequestHandler
Jun 14, 2014 5:54:45 PM org.apache.solr.core.RequestHandlers initHandlersFromConfig
INFO: adding lazy requestHandler: solr.extraction.ExtractingRequestHandler
Jun 14, 2014 5:54:45 PM org.apache.solr.core.RequestHandlers initHandlersFromConfig
INFO: created /update/extract: solr.extraction.ExtractingRequestHandler
Jun 14, 2014 5:54:45 PM org.apache.solr.core.RequestHandlers initHandlersFromConfig
INFO: adding lazy requestHandler: solr.FieldAnalysisRequestHandler
Jun 14, 2014 5:54:45 PM org.apache.solr.core.RequestHandlers initHandlersFromConfig
INFO: created /analysis/field: solr.FieldAnalysisRequestHandler
Jun 14, 2014 5:54:45 PM org.apache.solr.core.RequestHandlers initHandlersFromConfig
INFO: adding lazy requestHandler: solr.DocumentAnalysisRequestHandler
Jun 14, 2014 5:54:45 PM org.apache.solr.core.RequestHandlers initHandlersFromConfig
INFO: created /analysis/document: solr.DocumentAnalysisRequestHandler
Jun 14, 2014 5:54:45 PM org.apache.solr.core.RequestHandlers initHandlersFromConfig
INFO: created /update/csv: solr.CSVRequestHandler
Jun 14, 2014 5:54:45 PM org.apache.solr.core.RequestHandlers initHandlersFromConfig
INFO: adding lazy requestHandler: solr.extraction.ExtractingRequestHandler
Jun 14, 2014 5:54:45 PM org.apache.solr.core.RequestHandlers initHandlersFromConfig
INFO: created /update/extract: solr.extraction.ExtractingRequestHandler
Jun 14, 2014 5:54:45 PM org.apache.solr.core.RequestHandlers initHandlersFromConfig
INFO: adding lazy requestHandler: solr.FieldAnalysisRequestHandler
Jun 14, 2014 5:54:45 PM org.apache.solr.core.RequestHandlers initHandlersFromConfig
INFO: created /analysis/field: solr.FieldAnalysisRequestHandler
Jun 14, 2014 5:54:45 PM org.apache.solr.core.RequestHandlers initHandlersFromConfig
INFO: adding lazy requestHandler: solr.DocumentAnalysisRequestHandler
Jun 14, 2014 5:54:45 PM org.apache.solr.core.RequestHandlers initHandlersFromConfig
INFO: created /analysis/document: solr.DocumentAnalysisRequestHandler
Jun 14, 2014 5:54:45 PM org.apache.solr.core.RequestHandlers initHandlersFromConfig
INFO: created /update/csv: solr.CSVRequestHandler
Jun 14, 2014 5:54:45 PM org.apache.solr.core.RequestHandlers initHandlersFromConfig
INFO: adding lazy requestHandler: solr.extraction.ExtractingRequestHandler
Jun 14, 2014 5:54:45 PM org.apache.solr.core.RequestHandlers initHandlersFromConfig
INFO: created /update/extract: solr.extraction.ExtractingRequestHandler
Jun 14, 2014 5:54:45 PM org.apache.solr.core.RequestHandlers initHandlersFromConfig
INFO: adding lazy requestHandler: solr.FieldAnalysisRequestHandler
Jun 14, 2014 5:54:45 PM org.apache.solr.core.RequestHandlers initHandlersFromConfig
INFO: created /analysis/field: solr.FieldAnalysisRequestHandler
Jun 14, 2014 5:54:45 PM org.apache.solr.core.RequestHandlers initHandlersFromConfig
INFO: adding lazy requestHandler: solr.DocumentAnalysisRequestHandler
Jun 14, 2014 5:54:45 PM org.apache.solr.core.RequestHandlers initHandlersFromConfig
INFO: created /analysis/document: solr.DocumentAnalysisRequestHandler
Jun 14, 2014 5:54:45 PM org.apache.solr.core.RequestHandlers initHandlersFromConfig
INFO: created /admin/ping: solr.PingRequestHandler
Jun 14, 2014 5:54:45 PM org.apache.solr.core.RequestHandlers initHandlersFromConfig
INFO: created /admin/ping: solr.PingRequestHandler
Jun 14, 2014 5:54:45 PM org.apache.solr.core.RequestHandlers initHandlersFromConfig
INFO: created /admin/ping: solr.PingRequestHandler
Jun 14, 2014 5:54:45 PM org.apache.solr.core.RequestHandlers initHandlersFromConfig
INFO: created /debug/dump: solr.DumpRequestHandler
Jun 14, 2014 5:54:45 PM org.apache.solr.core.RequestHandlers initHandlersFromConfig
INFO: created /debug/dump: solr.DumpRequestHandler
Jun 14, 2014 5:54:45 PM org.apache.solr.core.RequestHandlers initHandlersFromConfig
INFO: created /debug/dump: solr.DumpRequestHandler
Jun 14, 2014 5:54:45 PM org.apache.solr.core.RequestHandlers initHandlersFromConfig
INFO: created /replication: solr.ReplicationHandler
Jun 14, 2014 5:54:45 PM org.apache.solr.core.RequestHandlers initHandlersFromConfig
INFO: created /replication: solr.ReplicationHandler
Jun 14, 2014 5:54:45 PM org.apache.solr.core.RequestHandlers initHandlersFromConfig
INFO: created /replication: solr.ReplicationHandler
Jun 14, 2014 5:54:45 PM org.apache.solr.core.RequestHandlers initHandlersFromConfig
INFO: created /mlt: solr.MoreLikeThisHandler
Jun 14, 2014 5:54:45 PM org.apache.solr.core.RequestHandlers initHandlersFromConfig
INFO: created /mlt: solr.MoreLikeThisHandler
Jun 14, 2014 5:54:45 PM org.apache.solr.core.RequestHandlers initHandlersFromConfig
INFO: created /mlt: solr.MoreLikeThisHandler
Jun 14, 2014 5:54:45 PM org.apache.solr.core.RequestHandlers initHandlersFromConfig
INFO: created /admin/: solr.admin.AdminHandlers
Jun 14, 2014 5:54:45 PM org.apache.solr.core.RequestHandlers initHandlersFromConfig
INFO: created /admin/: solr.admin.AdminHandlers
Jun 14, 2014 5:54:45 PM org.apache.solr.core.RequestHandlers initHandlersFromConfig
INFO: created /admin/: solr.admin.AdminHandlers
Jun 14, 2014 5:54:45 PM org.apache.solr.handler.loader.XMLLoader init
INFO: xsltCacheLifetimeSeconds=60
Jun 14, 2014 5:54:45 PM org.apache.solr.handler.loader.XMLLoader init
INFO: xsltCacheLifetimeSeconds=60
Jun 14, 2014 5:54:45 PM org.apache.solr.handler.loader.XMLLoader init
INFO: xsltCacheLifetimeSeconds=60
Jun 14, 2014 5:54:45 PM org.apache.solr.handler.loader.XMLLoader init
INFO: xsltCacheLifetimeSeconds=60
Jun 14, 2014 5:54:45 PM org.apache.solr.handler.loader.XMLLoader init
INFO: xsltCacheLifetimeSeconds=60
Jun 14, 2014 5:54:45 PM org.apache.solr.handler.loader.XMLLoader init
INFO: xsltCacheLifetimeSeconds=60
Jun 14, 2014 5:54:45 PM org.apache.solr.handler.loader.XMLLoader init
INFO: xsltCacheLifetimeSeconds=60
Jun 14, 2014 5:54:45 PM org.apache.solr.handler.loader.XMLLoader init
INFO: xsltCacheLifetimeSeconds=60
Jun 14, 2014 5:54:45 PM org.apache.solr.handler.loader.XMLLoader init
INFO: xsltCacheLifetimeSeconds=60
Jun 14, 2014 5:54:45 PM org.apache.solr.search.SolrIndexSearcher <init>
INFO: Opening Searcher@2484de3c main
Jun 14, 2014 5:54:45 PM org.apache.solr.search.SolrIndexSearcher <init>
INFO: Opening Searcher@6648938 main
Jun 14, 2014 5:54:45 PM org.apache.solr.search.SolrIndexSearcher <init>
INFO: Opening Searcher@326cbecf main
Jun 14, 2014 5:54:45 PM org.apache.solr.update.CommitTracker <init>
INFO: Hard AutoCommit: if uncommited for 15000ms; 
Jun 14, 2014 5:54:45 PM org.apache.solr.update.CommitTracker <init>
INFO: Hard AutoCommit: if uncommited for 15000ms; 
Jun 14, 2014 5:54:45 PM org.apache.solr.update.CommitTracker <init>
INFO: Hard AutoCommit: if uncommited for 15000ms; 
Jun 14, 2014 5:54:45 PM org.apache.solr.update.CommitTracker <init>
INFO: Soft AutoCommit: if uncommited for 5000ms; 
Jun 14, 2014 5:54:45 PM org.apache.solr.update.CommitTracker <init>
INFO: Soft AutoCommit: if uncommited for 5000ms; 
Jun 14, 2014 5:54:45 PM org.apache.solr.update.CommitTracker <init>
INFO: Soft AutoCommit: if uncommited for 5000ms; 
Jun 14, 2014 5:54:45 PM org.apache.solr.handler.component.SpellCheckComponent inform
INFO: Initializing spell checkers
Jun 14, 2014 5:54:45 PM org.apache.solr.handler.component.SpellCheckComponent inform
INFO: Initializing spell checkers
Jun 14, 2014 5:54:45 PM org.apache.solr.handler.component.SpellCheckComponent inform
INFO: Initializing spell checkers
Jun 14, 2014 5:54:45 PM org.apache.solr.spelling.DirectSolrSpellChecker init
INFO: init: {name=default,field=name,classname=solr.DirectSolrSpellChecker,distanceMeasure=internal,accuracy=0.5,maxEdits=2,minPrefix=1,maxInspections=5,minQueryLength=4,maxQueryFrequency=0.01}
Jun 14, 2014 5:54:45 PM org.apache.solr.spelling.DirectSolrSpellChecker init
INFO: init: {name=default,field=name,classname=solr.DirectSolrSpellChecker,distanceMeasure=internal,accuracy=0.5,maxEdits=2,minPrefix=1,maxInspections=5,minQueryLength=4,maxQueryFrequency=0.01}
Jun 14, 2014 5:54:45 PM org.apache.solr.spelling.DirectSolrSpellChecker init
INFO: init: {name=default,field=name,classname=solr.DirectSolrSpellChecker,distanceMeasure=internal,accuracy=0.5,maxEdits=2,minPrefix=1,maxInspections=5,minQueryLength=4,maxQueryFrequency=0.01}
Jun 14, 2014 5:54:46 PM org.apache.solr.handler.component.SpellCheckComponent inform
INFO: No queryConverter defined, using default converter
Jun 14, 2014 5:54:46 PM org.apache.solr.handler.component.SpellCheckComponent inform
INFO: No queryConverter defined, using default converter
Jun 14, 2014 5:54:46 PM org.apache.solr.handler.component.SpellCheckComponent inform
INFO: No queryConverter defined, using default converter
Jun 14, 2014 5:54:46 PM org.apache.solr.handler.ReplicationHandler inform
INFO: Commits will be reserved for  10000
Jun 14, 2014 5:54:46 PM org.apache.solr.handler.ReplicationHandler inform
INFO: Commits will be reserved for  10000
Jun 14, 2014 5:54:46 PM org.apache.solr.handler.ReplicationHandler inform
INFO: Commits will be reserved for  10000
Jun 14, 2014 5:54:46 PM org.apache.solr.core.SolrCore registerSearcher
INFO: [default] Registered new searcher Searcher@326cbecf main{StandardDirectoryReader(segments_1:1)}
Jun 14, 2014 5:54:46 PM org.apache.solr.core.SolrCore registerSearcher
INFO: [test] Registered new searcher Searcher@6648938 main{StandardDirectoryReader(segments_1:1)}
Jun 14, 2014 5:54:46 PM org.apache.solr.core.CoreContainer registerCore
INFO: registering core: test
Jun 14, 2014 5:54:46 PM org.apache.solr.core.SolrCore registerSearcher
INFO: [development] Registered new searcher Searcher@2484de3c main{StandardDirectoryReader(segments_1:1)}
Jun 14, 2014 5:54:46 PM org.apache.solr.core.CoreContainer registerCore
INFO: registering core: development
Jun 14, 2014 5:54:46 PM org.apache.solr.core.CoreContainer registerCore
INFO: registering core: default
Jun 14, 2014 5:54:46 PM org.apache.solr.servlet.SolrDispatchFilter init
INFO: user.dir=/Users/az/.rvm/gems/ruby-2.0.0-p247/gems/sunspot_solr-2.1.1/solr
Jun 14, 2014 5:54:46 PM org.apache.solr.servlet.SolrDispatchFilter init
INFO: SolrDispatchFilter.init() done
